05/06/2020 08:30:08 devpinoyLogger Properties file is loading now
05/06/2020 08:30:08 devpinoyLogger Properties file loaded successfully
05/06/2020 08:30:08 devpinoyLogger Browser will be launching
05/06/2020 08:30:19 devpinoyLogger Firefox Browser launched..
05/06/2020 08:30:19 devpinoyLogger Window is maximized
05/06/2020 08:30:19 devpinoyLogger Timeunit is defined
05/06/2020 08:30:19 devpinoyLogger Cookies has been deleted
05/06/2020 08:30:20 devpinoyLogger ExcelFileReader object created..
05/06/2020 08:30:44 devpinoyLogger Bluetooth->
05/06/2020 08:30:44 devpinoyLogger Cables->
05/06/2020 08:30:44 devpinoyLogger Camera
05/06/2020 08:30:44 devpinoyLogger Headphones
05/06/2020 08:30:44 devpinoyLogger Mobile Phones
05/06/2020 08:30:44 devpinoyLogger Remote Control
05/06/2020 08:30:44 devpinoyLogger Smartwatches
05/06/2020 08:30:44 devpinoyLogger Tablets
05/06/2020 08:30:50 devpinoyLogger !@#@#!24233534
05/06/2020 08:30:50 devpinoyLogger Acer
05/06/2020 08:30:50 devpinoyLogger Airtel
05/06/2020 08:30:50 devpinoyLogger Apple
05/06/2020 08:30:50 devpinoyLogger Asus
05/06/2020 08:30:50 devpinoyLogger BenQ
05/06/2020 08:30:50 devpinoyLogger Canon
05/06/2020 08:30:50 devpinoyLogger iBall
05/06/2020 08:30:50 devpinoyLogger JBL
05/06/2020 08:30:50 devpinoyLogger Jio-India
05/06/2020 08:30:50 devpinoyLogger Lenovo
05/06/2020 08:30:50 devpinoyLogger Logitech
05/06/2020 08:30:50 devpinoyLogger Micromax
05/06/2020 08:30:50 devpinoyLogger Motorola
05/06/2020 08:30:50 devpinoyLogger Nikon
05/06/2020 08:30:50 devpinoyLogger Panasonic
05/06/2020 08:30:50 devpinoyLogger Samsung
05/06/2020 08:30:50 devpinoyLogger Sony
